<?xml version="1.0" encoding="UTF-8"?>
<!-- Generated by org.testng.reporters.JUnitReportReporter -->
<testsuite hostname="BADDIPUPF16YUKE" failures="0" tests="1" name="com.goibibo.test.SenarioTwoTest" time="26.293" errors="0" timestamp="2021-12-21T21:24:17 EST" skipped="0">
  <testcase classname="com.goibibo.test.SenarioTwoTest" name="invalidPaymentError" time="26.293"/>
  <system-out/>
</testsuite> <!-- com.goibibo.test.SenarioTwoTest -->
