<?xml version="1.0" encoding="UTF-8"?>
<!-- Generated by org.testng.reporters.JUnitReportReporter -->
<testsuite skipped="0" hostname="DESKTOP-A43KGCR" name="com.goibibo.test.SenarioOneTest" tests="1" failures="0" timestamp="2021-01-08T14:17:11 EST" time="10.347" errors="0">
  <testcase name="hotelSearchandView" time="10.347" classname="com.goibibo.test.SenarioOneTest"/>
  <system-out/>
</testsuite> <!-- com.goibibo.test.SenarioOneTest -->
