<?xml version="1.0" encoding="UTF-8"?>
<!-- Generated by org.testng.reporters.JUnitReportReporter -->
<testsuite skipped="0" hostname="DESKTOP-A43KGCR" name="com.goibibo.test.SenarioThreeTest" tests="1" failures="0" timestamp="2020-12-31T11:49:08 EST" time="30.967" errors="0">
  <testcase name="hotelAndRoomDetials" time="30.967" classname="com.goibibo.test.SenarioThreeTest"/>
  <system-out/>
</testsuite> <!-- com.goibibo.test.SenarioThreeTest -->
