<?xml version="1.0" encoding="UTF-8"?>
<!-- Generated by org.testng.reporters.JUnitReportReporter -->
<testsuite hostname="BADDIPUPF16YUKE" failures="0" tests="1" name="com.goibibo.test.SenarioFourTest" time="74.718" errors="0" timestamp="2021-12-21T23:33:29 EST" skipped="0">
  <testcase classname="com.goibibo.test.SenarioFourTest" name="verifySearchFilter" time="74.718"/>
  <system-out/>
</testsuite> <!-- com.goibibo.test.SenarioFourTest -->
