<?xml version="1.0" encoding="UTF-8"?>
<!-- Generated by org.testng.reporters.JUnitReportReporter -->
<testsuite skipped="0" hostname="DESKTOP-A43KGCR" name="com.goibibo.test.SearchHotelsTest" tests="1" failures="0" timestamp="2020-12-30T23:48:24 EST" time="10.062" errors="0">
  <testcase name="validEmailForgotTest" time="10.062" classname="com.goibibo.test.SearchHotelsTest"/>
  <system-out/>
</testsuite> <!-- com.goibibo.test.SearchHotelsTest -->
