<?xml version="1.0" encoding="UTF-8"?>
<!-- Generated by org.testng.reporters.JUnitReportReporter -->
<testsuite hostname="BADDIPUPF16YUKE" failures="0" tests="1" name="com.goibibo.test.SenarioThreeTest" time="31.860" errors="0" timestamp="2021-12-21T22:24:48 EST" skipped="0">
  <testcase classname="com.goibibo.test.SenarioThreeTest" name="hotelAndRoomDetials" time="31.860"/>
  <system-out/>
</testsuite> <!-- com.goibibo.test.SenarioThreeTest -->
