<?xml version="1.0" encoding="UTF-8"?>
<!-- Generated by org.testng.reporters.JUnitReportReporter -->
<testsuite skipped="0" hostname="DESKTOP-A43KGCR" name="com.goibibo.test.SenarioTwoTest" tests="1" failures="0" timestamp="2020-12-31T14:19:18 EST" time="43.771" errors="0">
  <testcase name="invalidPaymentError" time="43.771" classname="com.goibibo.test.SenarioTwoTest"/>
  <system-out/>
</testsuite> <!-- com.goibibo.test.SenarioTwoTest -->
