<?xml version="1.0" encoding="UTF-8"?>
<!-- Generated by org.testng.reporters.JUnitReportReporter -->
<testsuite skipped="0" hostname="DESKTOP-A43KGCR" name="com.goibibo.test.SenarioTwoTest" tests="1" failures="0" timestamp="2020-12-31T01:45:52 EST" time="22.769" errors="0">
  <testcase name="HotelCount" time="22.769" classname="com.goibibo.test.SenarioTwoTest"/>
  <system-out/>
</testsuite> <!-- com.goibibo.test.SenarioTwoTest -->
