<?xml version="1.0" encoding="UTF-8"?>
<!-- Generated by org.testng.reporters.JUnitReportReporter -->
<testsuite hostname="BADDIPUPF16YUKE" failures="0" tests="1" name="com.goibibo.test.SenarioOneTest" time="7.677" errors="0" timestamp="2021-12-21T23:07:23 EST" skipped="0">
  <testcase classname="com.goibibo.test.SenarioOneTest" name="hotelSearchandView" time="7.677"/>
  <system-out/>
</testsuite> <!-- com.goibibo.test.SenarioOneTest -->
